<?xml version="1.0" encoding="UTF-8"?>
<!-- Generated by org.testng.reporters.JUnitReportReporter -->
<testsuite hostname="DESKTOP-ADRDCSD" failures="0" tests="3" name="Tests.CheckOutAsGuestTest2" time="19.338" errors="0" timestamp="2023-12-29T11:16:55 EET" skipped="0">
  <testcase classname="Tests.CheckOutAsGuestTest2" name="SearchItemToCheckOut" time="5.334"/>
  <system-out/>
  <testcase classname="Tests.CheckOutAsGuestTest2" name="OpenCartPageThenCheckPage" time="3.734"/>
  <system-out/>
  <testcase classname="Tests.CheckOutAsGuestTest2" name="TestCheckOutSteps" time="10.270"/>
  <system-out/>
</testsuite> <!-- Tests.CheckOutAsGuestTest2 -->
