<?xml version="1.0" encoding="UTF-8"?>
<!-- Generated by org.testng.reporters.JUnitReportReporter -->
<testsuite hostname="DESKTOP-ADRDCSD" failures="0" tests="1" name="Runner.TestRunner" time="3.636" errors="0" timestamp="2024-01-03T08:56:06 EET" skipped="0">
  <testcase classname="Runner.TestRunner" name="runScenario" time="3.636"/>
  <system-out/>
</testsuite> <!-- Runner.TestRunner -->
