<?xml version="1.0" encoding="UTF-8"?>
<!-- Generated by org.testng.reporters.JUnitReportReporter -->
<testsuite hostname="DESKTOP-ADRDCSD" failures="0" tests="2" name="Tests.UserRegisterationTest" time="4.586" errors="0" timestamp="2024-01-06T08:14:18 EET" skipped="0">
  <testcase classname="Tests.UserRegisterationTest" name="UserCanRegisterSuccssfully" time="2.961"/>
  <system-out/>
  <testcase classname="Tests.UserRegisterationTest" name="TestLoginSuccssfully" time="1.625"/>
  <system-out/>
</testsuite> <!-- Tests.UserRegisterationTest -->
