<?xml version="1.0" encoding="UTF-8"?>
<!-- Generated by org.testng.reporters.JUnitReportReporter -->
<testsuite hostname="DESKTOP-ADRDCSD" failures="0" tests="1" name="Runner.CheckRunner" time="23.825" errors="0" timestamp="2024-01-03T18:22:51 EET" skipped="0">
  <testcase classname="Runner.CheckRunner" name="runScenario" time="23.825"/>
  <system-out/>
</testsuite> <!-- Runner.CheckRunner -->
