<?xml version="1.0" encoding="UTF-8"?>
<!-- Generated by org.testng.reporters.JUnitReportReporter -->
<testsuite hostname="DESKTOP-ADRDCSD" failures="0" tests="5" name="Tests.UserRegisterationTestUsingDDTByExcel" time="164.793" errors="0" timestamp="2023-12-31T21:05:43 EET" skipped="0">
  <testcase classname="Tests.UserRegisterationTestUsingDDTByExcel" name="UserCanRegisterSuccssfully" time="42.411"/>
  <system-out/>
  <testcase classname="Tests.UserRegisterationTestUsingDDTByExcel" name="UserCanRegisterSuccssfully" time="27.127"/>
  <system-out/>
  <testcase classname="Tests.UserRegisterationTestUsingDDTByExcel" name="UserCanRegisterSuccssfully" time="37.239"/>
  <system-out/>
  <testcase classname="Tests.UserRegisterationTestUsingDDTByExcel" name="UserCanRegisterSuccssfully" time="28.572"/>
  <system-out/>
  <testcase classname="Tests.UserRegisterationTestUsingDDTByExcel" name="UserCanRegisterSuccssfully" time="29.444"/>
  <system-out/>
</testsuite> <!-- Tests.UserRegisterationTestUsingDDTByExcel -->
