<?xml version="1.0" encoding="UTF-8"?>
<!-- Generated by org.testng.reporters.JUnitReportReporter -->
<testsuite hostname="DESKTOP-ADRDCSD" failures="0" tests="1" name="Tests.UserRegisterationTestUsingDDTByProperties" time="14.038" errors="0" timestamp="2023-12-31T13:00:45 EET" skipped="0">
  <testcase classname="Tests.UserRegisterationTestUsingDDTByProperties" name="UserCanRegisterSuccssfully" time="14.038"/>
  <system-out/>
</testsuite> <!-- Tests.UserRegisterationTestUsingDDTByProperties -->
