<?xml version="1.0" encoding="UTF-8"?>
<!-- Generated by org.testng.reporters.JUnitReportReporter -->
<testsuite hostname="DESKTOP-ADRDCSD" failures="0" tests="3" name="Tests.AddToWishTest" time="9.120" errors="0" timestamp="2024-01-06T05:28:42 EET" skipped="0">
  <testcase classname="Tests.AddToWishTest" name="TestSearch" time="0.529"/>
  <testcase classname="Tests.AddToWishTest" name="TestAddToWish" time="4.205"/>
  <testcase classname="Tests.AddToWishTest" name="TestWishList" time="4.386"/>
</testsuite> <!-- Tests.AddToWishTest -->
