<?xml version="1.0" encoding="UTF-8"?>
<!-- Generated by org.testng.reporters.JUnitReportReporter -->
<testsuite hostname="DESKTOP-ADRDCSD" failures="0" tests="3" name="Tests.AddToComperTest" time="9.137" errors="0" timestamp="2024-01-06T05:28:42 EET" skipped="0">
  <testcase classname="Tests.AddToComperTest" name="SearchItemOneToComparer" time="4.826"/>
  <testcase classname="Tests.AddToComperTest" name="SearchItemTwoToCompare" time="3.468"/>
  <testcase classname="Tests.AddToComperTest" name="TestComparePage" time="0.843"/>
</testsuite> <!-- Tests.AddToComperTest -->
