<?xml version="1.0" encoding="UTF-8"?>
<!-- Generated by org.testng.reporters.JUnitReportReporter -->
<testsuite hostname="DESKTOP-ADRDCSD" failures="0" tests="1" name="Tests.ContactUsTest" time="1.432" errors="0" timestamp="2024-01-06T05:28:42 EET" skipped="0">
  <testcase classname="Tests.ContactUsTest" name="TestContactUs" time="1.432"/>
</testsuite> <!-- Tests.ContactUsTest -->
