<?xml version="1.0" encoding="UTF-8"?>
<!-- Generated by org.testng.reporters.JUnitReportReporter -->
<testsuite hostname="DESKTOP-ADRDCSD" failures="0" tests="1" name="Tests.EmailFriendTest" time="1.445" errors="0" timestamp="2024-01-06T05:28:42 EET" skipped="0">
  <testcase classname="Tests.EmailFriendTest" name="TestEmailFriend" time="1.445"/>
</testsuite> <!-- Tests.EmailFriendTest -->
