<?xml version="1.0" encoding="UTF-8"?>
<!-- Generated by org.testng.reporters.JUnitReportReporter -->
<testsuite hostname="DESKTOP-ADRDCSD" failures="0" tests="1" name="Tests.SearchTest" time="0.621" errors="0" timestamp="2024-01-06T05:28:42 EET" skipped="0">
  <testcase classname="Tests.SearchTest" name="TestSearch" time="0.621"/>
</testsuite> <!-- Tests.SearchTest -->
