<?xml version="1.0" encoding="UTF-8"?>
<!-- Generated by org.testng.reporters.JUnitReportReporter -->
<testsuite hostname="DESKTOP-ADRDCSD" failures="0" tests="2" name="Tests.ChangeCurrencyTest" time="3.828" errors="0" timestamp="2024-01-06T05:28:42 EET" skipped="0">
  <testcase classname="Tests.ChangeCurrencyTest" name="TestSearch" time="0.506"/>
  <testcase classname="Tests.ChangeCurrencyTest" name="TestChangeCurrency" time="3.322"/>
</testsuite> <!-- Tests.ChangeCurrencyTest -->
