<?xml version="1.0" encoding="UTF-8"?>
<!-- Generated by org.testng.reporters.JUnitReportReporter -->
<testsuite hostname="DESKTOP-ADRDCSD" failures="0" tests="3" name="Tests.AddToCartTest" time="13.386" errors="0" timestamp="2024-01-06T05:28:42 EET" skipped="0">
  <testcase classname="Tests.AddToCartTest" name="SearchItemOneToCart" time="4.653"/>
  <testcase classname="Tests.AddToCartTest" name="SearchItemTwoToCart" time="7.588"/>
  <testcase classname="Tests.AddToCartTest" name="TestCartPage" time="1.145"/>
</testsuite> <!-- Tests.AddToCartTest -->
