<?xml version="1.0" encoding="UTF-8"?>
<!-- Generated by org.testng.reporters.JUnitReportReporter -->
<testsuite hostname="DESKTOP-ADRDCSD" failures="0" tests="2" name="Tests.ReviewTest" time="4.461" errors="0" timestamp="2024-01-06T05:28:42 EET" skipped="0">
  <testcase classname="Tests.ReviewTest" name="TestSearchAutoSuggest" time="3.162"/>
  <testcase classname="Tests.ReviewTest" name="TestMakingReview" time="1.299"/>
</testsuite> <!-- Tests.ReviewTest -->
